\BOOKMARK [1][-]{section.1}{Linux da ali ne?}{}% 1
\BOOKMARK [1][-]{section.2}{Programi za OS Linux}{}% 2
\BOOKMARK [1][-]{section.3}{Namestitev}{}% 3
\BOOKMARK [1][-]{section.4}{Namestitev antivirusnega programa}{}% 4
\BOOKMARK [1][-]{section.5}{Namestitev datuma in ure}{}% 5
\BOOKMARK [1][-]{section.6}{Namestitev tiskalnika in opticnega citalnika}{}% 6
\BOOKMARK [1][-]{section.7}{Dodajanje uporabnika}{}% 7
\BOOKMARK [1][-]{section.8}{Namestitev programa Wink za izdelavo interaktivnih gradiv}{}% 8
\BOOKMARK [2][-]{subsection.8.1}{Izdelava bli\236njice za program Wink}{section.8}% 9
\BOOKMARK [1][-]{section.9}{Povezava na skupno mapo}{}% 10
\BOOKMARK [1][-]{section.10}{Urejanje video posnetkov}{}% 11
\BOOKMARK [1][-]{section.11}{Izvoz .tex datoteke v HTML}{}% 12
\BOOKMARK [1][-]{section.12}{Namestitev urejevalnika besedil Texmaker}{}% 13
\BOOKMARK [2][-]{subsection.12.1}{Namestitev slovenskega crkovalnika}{section.12}% 14
\BOOKMARK [2][-]{subsection.12.2}{Zakaj uporabljati texmaker?}{section.12}% 15
\BOOKMARK [2][-]{subsection.12.3}{Texmaker na OS Windows}{section.12}% 16
\BOOKMARK [1][-]{section.13}{Zapis glasbe na CD}{}% 17
\BOOKMARK [1][-]{section.14}{Opis najbolj uporabnih programov}{}% 18
\BOOKMARK [2][-]{subsection.14.1}{LibreOffice}{section.14}% 19
\BOOKMARK [2][-]{subsection.14.2}{ArduinoIDE}{section.14}% 20
\BOOKMARK [2][-]{subsection.14.3}{bCNC}{section.14}% 21
\BOOKMARK [2][-]{subsection.14.4}{Fritzing}{section.14}% 22
\BOOKMARK [2][-]{subsection.14.5}{SublimeText}{section.14}% 23
\BOOKMARK [2][-]{subsection.14.6}{FileZilla}{section.14}% 24
\BOOKMARK [2][-]{subsection.14.7}{GIMP}{section.14}% 25
\BOOKMARK [2][-]{subsection.14.8}{Inkscape}{section.14}% 26
\BOOKMARK [2][-]{subsection.14.9}{FoxitReader}{section.14}% 27
\BOOKMARK [2][-]{subsection.14.10}{Kazam}{section.14}% 28
\BOOKMARK [2][-]{subsection.14.11}{Stelarium}{section.14}% 29
\BOOKMARK [2][-]{subsection.14.12}{Tuxmath}{section.14}% 30
\BOOKMARK [2][-]{subsection.14.13}{GCompris}{section.14}% 31
\BOOKMARK [2][-]{subsection.14.14}{Klavaro}{section.14}% 32
\BOOKMARK [2][-]{subsection.14.15}{SketchUp}{section.14}% 33
